<?xml version="1.0" encoding="UTF-8"?>
<!-- Generated by org.testng.reporters.JUnitReportReporter -->
<testsuite hostname="DESKTOP-O5MDK6V" failures="0" tests="2" name="TestNg.NewTestngclass2" time="0.013" errors="0" timestamp="2022-07-07T15:47:09 IST" skipped="0">
  <testcase classname="TestNg.NewTestngclass2" name="f2" time="0.003"/>
  <system-out/>
  <testcase classname="TestNg.NewTestngclass2" name="f" time="0.010"/>
  <system-out/>
</testsuite> <!-- TestNg.NewTestngclass2 -->
