<?xml version="1.0" encoding="UTF-8"?>
<!-- Generated by org.testng.reporters.JUnitReportReporter -->
<testsuite hostname="DESKTOP-O5MDK6V" failures="0" tests="1" name="TestNg.DataProvider1" time="0.000" errors="0" timestamp="2022-07-12T15:41:36 IST" skipped="1">
  <testcase classname="TestNg.DataProvider1" name="login" time="0.000">
    <skipped/>
  </testcase> <!-- login -->
  <system-out/>
</testsuite> <!-- TestNg.DataProvider1 -->
