<?xml version="1.0" encoding="UTF-8"?>
<!-- Generated by org.testng.reporters.JUnitReportReporter -->
<testsuite hostname="DESKTOP-O5MDK6V" failures="0" tests="1" name="TestNg.NewTestng" time="0.004" errors="0" timestamp="2022-07-07T15:47:09 IST" skipped="0">
  <testcase classname="TestNg.NewTestng" name="f" time="0.004"/>
  <system-out/>
</testsuite> <!-- TestNg.NewTestng -->
