<?xml version="1.0" encoding="UTF-8"?>
<!-- Generated by org.testng.reporters.JUnitReportReporter -->
<testsuite hostname="DESKTOP-O5MDK6V" failures="0" tests="1" name="TestNg.Sync" time="5.516" errors="0" timestamp="2022-07-12T18:31:58 IST" skipped="0">
  <testcase classname="TestNg.Sync" name="verifyTitle" time="5.516"/>
  <system-out/>
</testsuite> <!-- TestNg.Sync -->
