<?xml version="1.0" encoding="UTF-8"?>
<!-- Generated by org.testng.reporters.JUnitReportReporter -->
<testsuite hostname="DESKTOP-O5MDK6V" failures="0" tests="2" name="TestNg.ParallelTest" time="0.036" errors="0" timestamp="2022-07-05T13:11:09 IST" skipped="0">
  <testcase classname="TestNg.ParallelTest" name="f" time="0.021"/>
  <system-out/>
  <testcase classname="TestNg.ParallelTest" name="f" time="0.015"/>
  <system-out/>
</testsuite> <!-- TestNg.ParallelTest -->
