<?xml version="1.0" encoding="UTF-8"?>
<!-- Generated by org.testng.reporters.JUnitReportReporter -->
<testsuite hostname="DESKTOP-O5MDK6V" failures="0" tests="4" name="TestNg.GroupsAttribt" time="0.015" errors="0" timestamp="2022-07-07T22:06:52 IST" skipped="0">
  <testcase classname="TestNg.GroupsAttribt" name="Module2" time="0.002"/>
  <system-out/>
  <testcase classname="TestNg.GroupsAttribt" name="IsTextBox" time="0.001"/>
  <system-out/>
  <testcase classname="TestNg.GroupsAttribt" name="Module1" time="0.002"/>
  <system-out/>
  <testcase classname="TestNg.GroupsAttribt" name="IsBtnEnable" time="0.010"/>
  <system-out/>
</testsuite> <!-- TestNg.GroupsAttribt -->
