<?xml version="1.0" encoding="UTF-8"?>
<!-- Generated by org.testng.reporters.JUnitReportReporter -->
<testsuite hostname="DESKTOP-O5MDK6V" failures="0" tests="3" name="TestNg.PriorityTests" time="0.042" errors="0" timestamp="2022-07-04T13:59:10 IST" skipped="0">
  <testcase classname="TestNg.PriorityTests" name="Registration" time="0.023"/>
  <system-out/>
  <testcase classname="TestNg.PriorityTests" name="FeesPaid" time="0.012"/>
  <system-out/>
  <testcase classname="TestNg.PriorityTests" name="Admission" time="0.007"/>
  <system-out/>
</testsuite> <!-- TestNg.PriorityTests -->
