<?xml version="1.0" encoding="UTF-8"?>
<!-- Generated by org.testng.reporters.JUnitReportReporter -->
<testsuite hostname="DESKTOP-O5MDK6V" failures="0" tests="3" name="TestNg.SingleDimArray" time="12.459" errors="0" timestamp="2022-07-07T15:57:15 IST" skipped="0">
  <testcase classname="TestNg.SingleDimArray" name="login" time="4.184"/>
  <system-out/>
  <testcase classname="TestNg.SingleDimArray" name="login" time="4.149"/>
  <system-out/>
  <testcase classname="TestNg.SingleDimArray" name="login" time="4.126"/>
  <system-out/>
</testsuite> <!-- TestNg.SingleDimArray -->
